2022-07-19 11:15:01,088 - __main__ - INFO - Token value: Token not available!
2022-07-19 11:15:01,760 - __main__ - INFO - Weather in Berlin: 30.32
2022-07-19 10:09:58,525 - __main__ - INFO - Token value: 1234
2022-07-19 10:09:58,949 - __main__ - INFO - Weather in Berlin: 32.56
2022-07-19 12:17:50,405 - __main__ - INFO - Token value: 1234
2022-07-19 12:17:50,875 - __main__ - INFO - Weather in Berlin: 33.66
2022-07-19 14:09:00,868 - __main__ - INFO - Token value: 1234
2022-07-19 14:09:01,435 - __main__ - INFO - Weather in Berlin: 34.86
2022-07-19 16:12:16,906 - __main__ - INFO - Token value: 1234
2022-07-19 16:12:17,306 - __main__ - INFO - Weather in Berlin: 34.28
2022-07-19 18:10:53,682 - __main__ - INFO - Token value: 1234
2022-07-19 18:10:53,844 - __main__ - INFO - Weather in Berlin: 31.9
2022-07-19 20:09:35,027 - __main__ - INFO - Token value: 1234
2022-07-19 20:09:35,139 - __main__ - INFO - Weather in Berlin: 27.52
2022-07-19 22:09:04,334 - __main__ - INFO - Token value: 1234
2022-07-19 22:09:04,912 - __main__ - INFO - Weather in Berlin: 25.4
2022-07-20 00:46:12,649 - __main__ - INFO - Token value: 1234
2022-07-20 00:46:13,296 - __main__ - INFO - Weather in Berlin: 24.18
2022-07-20 03:36:18,748 - __main__ - INFO - Token value: 1234
2022-07-20 03:36:18,916 - __main__ - INFO - Weather in Berlin: 22.12
2022-07-20 04:30:43,477 - __main__ - INFO - Token value: 1234
2022-07-20 04:30:43,776 - __main__ - INFO - Weather in Berlin: 21.64
2022-07-20 06:11:40,340 - __main__ - INFO - Token value: 1234
2022-07-20 06:11:41,194 - __main__ - INFO - Weather in Berlin: 24.95
2022-07-20 08:12:25,109 - __main__ - INFO - Token value: 1234
2022-07-20 08:12:25,397 - __main__ - INFO - Weather in Berlin: 30.85
2022-07-20 10:09:27,874 - __main__ - INFO - Token value: 1234
2022-07-20 10:09:28,041 - __main__ - INFO - Weather in Berlin: 35.42
2022-07-20 12:16:14,801 - __main__ - INFO - Token value: 1234
2022-07-20 12:16:15,447 - __main__ - INFO - Weather in Berlin: 36.64
2022-07-20 14:10:42,143 - __main__ - INFO - Token value: 1234
2022-07-20 14:10:42,285 - __main__ - INFO - Weather in Berlin: 37.34
2022-07-20 16:11:32,101 - __main__ - INFO - Token value: 1234
2022-07-20 16:11:32,270 - __main__ - INFO - Weather in Berlin: 36.32
2022-07-20 18:11:08,871 - __main__ - INFO - Token value: 1234
2022-07-20 18:11:09,450 - __main__ - INFO - Weather in Berlin: 35.75
2022-07-20 20:10:07,208 - __main__ - INFO - Token value: 1234
2022-07-20 20:10:07,807 - __main__ - INFO - Weather in Berlin: 29.16
2022-07-20 22:08:32,880 - __main__ - INFO - Token value: 1234
2022-07-20 22:08:33,309 - __main__ - INFO - Weather in Berlin: 27.72
2022-07-21 00:51:04,670 - __main__ - INFO - Token value: 1234
2022-07-21 00:51:04,945 - __main__ - INFO - Weather in Berlin: 25.62
2022-07-21 03:32:21,183 - __main__ - INFO - Token value: 1234
2022-07-21 03:32:21,622 - __main__ - INFO - Weather in Berlin: 24.17
2022-07-21 04:33:49,059 - __main__ - INFO - Token value: 1234
2022-07-21 04:33:49,712 - __main__ - INFO - Weather in Berlin: 23.8
2022-07-21 06:11:40,676 - __main__ - INFO - Token value: 1234
2022-07-21 06:11:41,078 - __main__ - INFO - Weather in Berlin: 24.1
2022-07-21 08:11:51,774 - __main__ - INFO - Token value: 1234
2022-07-21 08:11:51,925 - __main__ - INFO - Weather in Berlin: 26.61
2022-07-21 10:10:48,231 - __main__ - INFO - Token value: 1234
2022-07-21 10:10:48,658 - __main__ - INFO - Weather in Berlin: 29.39
2022-07-21 12:16:51,452 - __main__ - INFO - Token value: 1234
2022-07-21 12:16:52,210 - __main__ - INFO - Weather in Berlin: 29.02
2022-07-21 14:10:13,059 - __main__ - INFO - Token value: 1234
2022-07-21 14:10:13,760 - __main__ - INFO - Weather in Berlin: 24.62
2022-07-21 16:11:48,481 - __main__ - INFO - Token value: 1234
2022-07-21 16:11:49,254 - __main__ - INFO - Weather in Berlin: 24.51
2022-07-21 18:11:19,590 - __main__ - INFO - Token value: 1234
2022-07-21 18:11:19,965 - __main__ - INFO - Weather in Berlin: 25.79
2022-07-21 20:10:30,244 - __main__ - INFO - Token value: 1234
2022-07-21 20:10:30,328 - __main__ - INFO - Weather in Berlin: 22.77
2022-07-22 08:49:42,118 - __main__ - INFO - Token value: Token not available!
2022-07-22 08:49:42,780 - __main__ - INFO - Weather in Berlin: 21.37
2022-07-22 08:52:51,500 - __main__ - INFO - Token value: Token not available!
2022-07-22 08:52:51,829 - __main__ - INFO - Weather in Berlin: 13.27
2022-07-22 09:27:09,394 - __main__ - INFO - Token value: 1234
2022-07-22 09:27:09,719 - __main__ - INFO - Weather in Berlin: 14.28
2022-07-23 09:26:01,115 - __main__ - INFO - Token value: 1234
2022-07-23 09:26:01,425 - __main__ - INFO - Weather in Berlin: 17.06
2022-07-24 09:26:14,139 - __main__ - INFO - Token value: 1234
2022-07-24 09:26:14,679 - __main__ - INFO - Weather in Berlin: 18.55
2022-07-25 09:28:13,099 - __main__ - INFO - Token value: 1234
2022-07-25 09:28:13,451 - __main__ - INFO - Weather in Berlin: 17.26
2022-07-26 09:26:39,553 - __main__ - INFO - Token value: 1234
2022-07-26 09:26:39,683 - __main__ - INFO - Weather in Berlin: 15.48
2022-07-27 09:25:58,728 - __main__ - INFO - Token value: 1234
2022-07-27 09:25:59,197 - __main__ - INFO - Weather in Berlin: 16.69
2022-07-28 09:26:41,405 - __main__ - INFO - Token value: 1234
2022-07-28 09:26:41,865 - __main__ - INFO - Weather in Berlin: 14.93
2022-07-29 09:27:10,266 - __main__ - INFO - Token value: 1234
2022-07-29 09:27:10,784 - __main__ - INFO - Weather in Berlin: 17.57
2022-07-30 09:24:54,504 - __main__ - INFO - Token value: 1234
2022-07-30 09:24:55,154 - __main__ - INFO - Weather in Berlin: 17.32
2022-07-31 09:25:15,346 - __main__ - INFO - Token value: 1234
2022-07-31 09:25:15,843 - __main__ - INFO - Weather in Berlin: 16.64
2022-08-01 09:28:59,157 - __main__ - INFO - Token value: 1234
2022-08-01 09:28:59,623 - __main__ - INFO - Weather in Berlin: 16.69
2022-08-02 09:26:19,655 - __main__ - INFO - Token value: 1234
2022-08-02 09:26:20,067 - __main__ - INFO - Weather in Berlin: 18.82
2022-08-03 09:27:15,944 - __main__ - INFO - Token value: 1234
2022-08-03 09:27:16,416 - __main__ - INFO - Weather in Berlin: 16.43
2022-08-04 09:26:15,471 - __main__ - INFO - Token value: 1234
2022-08-04 09:26:15,806 - __main__ - INFO - Weather in Berlin: 14.95
2022-08-05 09:26:52,152 - __main__ - INFO - Token value: 1234
2022-08-05 09:26:52,484 - __main__ - INFO - Weather in Berlin: 13.92
2022-08-06 09:24:56,754 - __main__ - INFO - Token value: 1234
2022-08-06 09:24:57,007 - __main__ - INFO - Weather in Berlin: 14.31
2022-08-07 09:24:57,140 - __main__ - INFO - Token value: 1234
2022-08-07 09:24:57,619 - __main__ - INFO - Weather in Berlin: 14.98
2022-08-08 09:26:44,591 - __main__ - INFO - Token value: 1234
2022-08-08 09:26:45,158 - __main__ - INFO - Weather in Berlin: 17.0
2022-08-09 09:27:47,336 - __main__ - INFO - Token value: 1234
2022-08-09 09:27:47,844 - __main__ - INFO - Weather in Berlin: 18.7
2022-08-10 09:26:40,674 - __main__ - INFO - Token value: 1234
2022-08-10 09:26:40,993 - __main__ - INFO - Weather in Berlin: 20.54
2022-08-11 09:27:54,343 - __main__ - INFO - Token value: 1234
2022-08-11 09:27:54,845 - __main__ - INFO - Weather in Berlin: 22.3
2022-08-12 09:26:14,669 - __main__ - INFO - Token value: 1234
2022-08-12 09:26:15,187 - __main__ - INFO - Weather in Berlin: 23.7
2022-08-13 09:25:03,207 - __main__ - INFO - Token value: 1234
2022-08-13 09:25:04,031 - __main__ - INFO - Weather in Berlin: 22.18
2022-08-14 09:25:39,322 - __main__ - INFO - Token value: 1234
2022-08-14 09:25:39,907 - __main__ - INFO - Weather in Berlin: 20.41
2022-08-15 09:26:53,554 - __main__ - INFO - Token value: 1234
2022-08-15 09:26:53,917 - __main__ - INFO - Weather in Berlin: 18.54
2022-08-16 09:22:48,705 - __main__ - INFO - Token value: 1234
2022-08-16 09:22:48,806 - __main__ - INFO - Weather in Berlin: 15.06
2022-08-17 09:28:07,612 - __main__ - INFO - Token value: 1234
2022-08-17 09:28:07,945 - __main__ - INFO - Weather in Berlin: 14.33
2022-08-18 09:27:50,882 - __main__ - INFO - Token value: 1234
2022-08-18 09:27:51,178 - __main__ - INFO - Weather in Berlin: 17.08
2022-08-19 09:27:30,228 - __main__ - INFO - Token value: 1234
2022-08-19 09:27:30,524 - __main__ - INFO - Weather in Berlin: 16.21
2022-08-20 09:25:25,462 - __main__ - INFO - Token value: 1234
2022-08-20 09:25:25,999 - __main__ - INFO - Weather in Berlin: 15.34
2022-08-21 09:25:33,526 - __main__ - INFO - Token value: 1234
2022-08-21 09:25:34,145 - __main__ - INFO - Weather in Berlin: 14.64
2022-08-22 09:27:27,658 - __main__ - INFO - Token value: 1234
2022-08-22 09:27:28,290 - __main__ - INFO - Weather in Berlin: 14.4
2022-08-23 09:26:55,092 - __main__ - INFO - Token value: 1234
2022-08-23 09:26:55,496 - __main__ - INFO - Weather in Berlin: 19.44
2022-08-24 09:26:44,026 - __main__ - INFO - Token value: 1234
2022-08-24 09:26:44,603 - __main__ - INFO - Weather in Berlin: 18.6
2022-08-25 09:27:46,646 - __main__ - INFO - Token value: 1234
2022-08-25 09:27:47,209 - __main__ - INFO - Weather in Berlin: 15.34
2022-08-26 09:26:47,726 - __main__ - INFO - Token value: 1234
2022-08-26 09:26:48,291 - __main__ - INFO - Weather in Berlin: 17.72
2022-08-27 09:25:56,676 - __main__ - INFO - Token value: 1234
2022-08-27 09:25:57,258 - __main__ - INFO - Weather in Berlin: 14.89
2022-08-28 09:25:57,541 - __main__ - INFO - Token value: 1234
2022-08-28 09:25:57,975 - __main__ - INFO - Weather in Berlin: 19.28
2022-08-29 09:28:12,023 - __main__ - INFO - Token value: 1234
2022-08-29 09:28:12,346 - __main__ - INFO - Weather in Berlin: 17.52
2022-08-30 09:27:39,760 - __main__ - INFO - Token value: 1234
2022-08-30 09:27:39,950 - __main__ - INFO - Weather in Berlin: 15.0
2022-08-31 09:30:02,931 - __main__ - INFO - Token value: 1234
2022-08-31 09:30:03,479 - __main__ - INFO - Weather in Berlin: 15.39
2022-09-01 09:28:02,306 - __main__ - INFO - Token value: 1234
2022-09-01 09:28:02,892 - __main__ - INFO - Weather in Berlin: 16.41
2022-09-02 09:27:14,130 - __main__ - INFO - Token value: 1234
2022-09-02 09:27:18,844 - __main__ - INFO - Weather in Berlin: 17.73
2022-09-03 09:26:19,666 - __main__ - INFO - Token value: 1234
2022-09-03 09:26:19,965 - __main__ - INFO - Weather in Berlin: 17.16
2022-09-04 09:26:21,331 - __main__ - INFO - Token value: 1234
2022-09-04 09:26:21,656 - __main__ - INFO - Weather in Berlin: 17.79
2022-09-05 09:28:26,796 - __main__ - INFO - Token value: 1234
2022-09-05 09:28:27,232 - __main__ - INFO - Weather in Berlin: 20.76
2022-09-06 09:28:39,394 - __main__ - INFO - Token value: 1234
2022-09-06 09:28:39,986 - __main__ - INFO - Weather in Berlin: 18.83
2022-09-07 09:29:25,106 - __main__ - INFO - Token value: 1234
2022-09-07 09:29:25,694 - __main__ - INFO - Weather in Berlin: 16.65
2022-09-08 09:30:43,296 - __main__ - INFO - Token value: 1234
2022-09-08 09:30:43,770 - __main__ - INFO - Weather in Berlin: 14.49
2022-09-09 09:31:00,634 - __main__ - INFO - Token value: 1234
2022-09-09 09:31:01,165 - __main__ - INFO - Weather in Berlin: 15.55
2022-09-10 09:28:46,293 - __main__ - INFO - Token value: 1234
2022-09-10 09:28:46,877 - __main__ - INFO - Weather in Berlin: 15.37
2022-09-11 09:28:10,633 - __main__ - INFO - Token value: 1234
2022-09-11 09:28:11,074 - __main__ - INFO - Weather in Berlin: 16.15
2022-09-12 09:32:56,161 - __main__ - INFO - Token value: 1234
2022-09-12 09:32:56,618 - __main__ - INFO - Weather in Berlin: 16.02
2022-09-13 09:31:45,282 - __main__ - INFO - Token value: 1234
2022-09-13 09:31:45,871 - __main__ - INFO - Weather in Berlin: 13.49
2022-09-14 09:31:42,858 - __main__ - INFO - Token value: 1234
2022-09-14 09:31:43,437 - __main__ - INFO - Weather in Berlin: 11.67
2022-09-15 09:31:17,098 - __main__ - INFO - Token value: 1234
2022-09-15 09:31:17,585 - __main__ - INFO - Weather in Berlin: 12.92
2022-09-16 09:32:05,872 - __main__ - INFO - Token value: 1234
2022-09-16 09:32:06,278 - __main__ - INFO - Weather in Berlin: 10.97
2022-09-17 09:29:01,384 - __main__ - INFO - Token value: 1234
2022-09-17 09:29:01,925 - __main__ - INFO - Weather in Berlin: 9.49
2022-09-18 09:28:52,381 - __main__ - INFO - Token value: 1234
2022-09-18 09:28:52,696 - __main__ - INFO - Weather in Berlin: 11.9
2022-09-19 09:33:10,277 - __main__ - INFO - Token value: 1234
2022-09-19 09:33:10,682 - __main__ - INFO - Weather in Berlin: 12.11
2022-09-20 09:33:10,526 - __main__ - INFO - Token value: 1234
2022-09-20 09:33:10,884 - __main__ - INFO - Weather in Berlin: 13.38
2022-09-21 09:32:42,509 - __main__ - INFO - Token value: 1234
2022-09-21 09:32:42,997 - __main__ - INFO - Weather in Berlin: 15.56
2022-09-22 09:34:01,319 - __main__ - INFO - Token value: 1234
2022-09-22 09:34:01,740 - __main__ - INFO - Weather in Berlin: 13.82
2022-09-23 09:32:55,894 - __main__ - INFO - Token value: 1234
2022-09-23 09:32:56,595 - __main__ - INFO - Weather in Berlin: 10.88
2022-09-24 09:30:09,023 - __main__ - INFO - Token value: 1234
2022-09-24 09:30:09,685 - __main__ - INFO - Weather in Berlin: 11.72
2022-09-25 09:29:50,313 - __main__ - INFO - Token value: 1234
2022-09-25 09:29:50,647 - __main__ - INFO - Weather in Berlin: 9.64
2022-09-26 09:33:44,327 - __main__ - INFO - Token value: 1234
2022-09-26 09:33:44,785 - __main__ - INFO - Weather in Berlin: 11.0
2022-09-27 09:38:47,564 - __main__ - INFO - Token value: 1234
2022-09-27 09:38:47,972 - __main__ - INFO - Weather in Berlin: 9.5
2022-09-28 09:35:55,938 - __main__ - INFO - Token value: 1234
2022-09-28 09:35:56,519 - __main__ - INFO - Weather in Berlin: 9.32
2022-09-29 09:36:20,888 - __main__ - INFO - Token value: 1234
2022-09-29 09:36:21,637 - __main__ - INFO - Weather in Berlin: 14.04
2022-09-30 09:38:05,357 - __main__ - INFO - Token value: 1234
2022-09-30 09:38:05,689 - __main__ - INFO - Weather in Berlin: 12.08
2022-10-01 09:34:05,617 - __main__ - INFO - Token value: 1234
2022-10-01 09:34:06,219 - __main__ - INFO - Weather in Berlin: 12.57
2022-10-02 09:32:42,897 - __main__ - INFO - Token value: 1234
2022-10-02 09:32:43,402 - __main__ - INFO - Weather in Berlin: 12.3
2022-10-03 09:38:17,887 - __main__ - INFO - Token value: 1234
2022-10-03 09:38:18,483 - __main__ - INFO - Weather in Berlin: 12.54
2022-10-04 09:34:54,611 - __main__ - INFO - Token value: 1234
2022-10-04 09:34:55,204 - __main__ - INFO - Weather in Berlin: 14.88
2022-10-05 09:35:44,536 - __main__ - INFO - Token value: 1234
2022-10-05 09:35:44,905 - __main__ - INFO - Weather in Berlin: 10.53
2022-10-06 09:37:51,779 - __main__ - INFO - Token value: 1234
2022-10-06 09:37:52,289 - __main__ - INFO - Weather in Berlin: 14.28
2022-10-07 09:36:27,828 - __main__ - INFO - Token value: 1234
2022-10-07 09:36:28,215 - __main__ - INFO - Weather in Berlin: 10.97
2022-10-08 09:32:37,991 - __main__ - INFO - Token value: 1234
2022-10-08 09:32:38,755 - __main__ - INFO - Weather in Berlin: 10.83
2022-10-09 09:32:13,355 - __main__ - INFO - Token value: 1234
2022-10-09 09:32:13,898 - __main__ - INFO - Weather in Berlin: 11.45
2022-10-10 09:36:33,086 - __main__ - INFO - Token value: 1234
2022-10-10 09:36:33,569 - __main__ - INFO - Weather in Berlin: 10.37
2022-10-11 09:35:51,541 - __main__ - INFO - Token value: 1234
2022-10-11 09:35:52,185 - __main__ - INFO - Weather in Berlin: 10.39
2022-10-12 09:36:37,311 - __main__ - INFO - Token value: 1234
2022-10-12 09:36:37,771 - __main__ - INFO - Weather in Berlin: 11.05
2022-10-13 09:35:38,039 - __main__ - INFO - Token value: 1234
2022-10-13 09:35:38,484 - __main__ - INFO - Weather in Berlin: 7.15
2022-10-14 09:35:27,024 - __main__ - INFO - Token value: 1234
2022-10-14 09:35:27,631 - __main__ - INFO - Weather in Berlin: 12.11
2022-10-15 09:33:18,242 - __main__ - INFO - Token value: 1234
2022-10-15 09:33:18,627 - __main__ - INFO - Weather in Berlin: 9.66
2022-10-16 09:32:52,022 - __main__ - INFO - Token value: 1234
2022-10-16 09:32:52,533 - __main__ - INFO - Weather in Berlin: 10.39
2022-10-17 09:45:33,358 - __main__ - INFO - Token value: 1234
2022-10-17 09:45:33,688 - __main__ - INFO - Weather in Berlin: 13.82
2022-10-18 09:40:26,719 - __main__ - INFO - Token value: 1234
2022-10-18 09:40:27,582 - __main__ - INFO - Weather in Berlin: 11.35
2022-10-19 09:40:39,474 - __main__ - INFO - Token value: 1234
2022-10-19 09:40:40,035 - __main__ - INFO - Weather in Berlin: 11.45
2022-10-20 09:37:19,805 - __main__ - INFO - Token value: 1234
2022-10-20 09:37:20,232 - __main__ - INFO - Weather in Berlin: 12.13
2022-10-21 09:37:12,395 - __main__ - INFO - Token value: 1234
2022-10-21 09:37:12,932 - __main__ - INFO - Weather in Berlin: 11.12
2022-10-22 09:34:04,999 - __main__ - INFO - Token value: 1234
2022-10-22 09:34:05,477 - __main__ - INFO - Weather in Berlin: 12.73
2022-10-23 09:33:35,360 - __main__ - INFO - Token value: 1234
2022-10-23 09:33:35,980 - __main__ - INFO - Weather in Berlin: 13.46
2022-10-24 09:43:45,829 - __main__ - INFO - Token value: 1234
2022-10-24 09:43:46,142 - __main__ - INFO - Weather in Berlin: 12.06
2022-10-25 09:42:57,610 - __main__ - INFO - Token value: 1234
2022-10-25 09:42:58,128 - __main__ - INFO - Weather in Berlin: 12.52
2022-10-26 09:29:06,930 - __main__ - INFO - Token value: 1234
2022-10-26 09:29:07,243 - __main__ - INFO - Weather in Berlin: 14.28
2022-10-27 09:31:36,058 - __main__ - INFO - Token value: 1234
2022-10-27 09:31:36,397 - __main__ - INFO - Weather in Berlin: 15.08
2022-10-28 09:30:23,883 - __main__ - INFO - Token value: 1234
2022-10-28 09:30:24,410 - __main__ - INFO - Weather in Berlin: 13.21
2022-10-29 09:27:26,067 - __main__ - INFO - Token value: 1234
2022-10-29 09:27:26,596 - __main__ - INFO - Weather in Berlin: 11.48
2022-10-30 09:27:08,643 - __main__ - INFO - Token value: 1234
2022-10-30 09:27:09,132 - __main__ - INFO - Weather in Berlin: 13.19
2022-10-31 09:31:37,911 - __main__ - INFO - Token value: 1234
2022-10-31 09:31:38,013 - __main__ - INFO - Weather in Berlin: 13.65
2022-11-01 09:34:29,841 - __main__ - INFO - Token value: 1234
2022-11-01 09:34:30,312 - __main__ - INFO - Weather in Berlin: 10.56
2022-11-02 09:29:11,548 - __main__ - INFO - Token value: 1234
2022-11-02 09:29:11,904 - __main__ - INFO - Weather in Berlin: 9.02
2022-11-03 09:28:00,157 - __main__ - INFO - Token value: 1234
2022-11-03 09:28:00,734 - __main__ - INFO - Weather in Berlin: 8.5
2022-11-04 09:26:36,257 - __main__ - INFO - Token value: 1234
2022-11-04 09:26:36,906 - __main__ - INFO - Weather in Berlin: 4.88
2022-11-05 09:26:18,927 - __main__ - INFO - Token value: 1234
2022-11-05 09:26:19,175 - __main__ - INFO - Weather in Berlin: 9.44
2022-11-06 09:26:40,370 - __main__ - INFO - Token value: 1234
2022-11-06 09:26:40,859 - __main__ - INFO - Weather in Berlin: 9.23
2022-11-07 09:27:52,808 - __main__ - INFO - Token value: 1234
2022-11-07 09:27:53,317 - __main__ - INFO - Weather in Berlin: 11.0
2022-11-08 09:28:09,869 - __main__ - INFO - Token value: 1234
2022-11-08 09:28:10,462 - __main__ - INFO - Weather in Berlin: 11.21
2022-11-09 09:27:38,672 - __main__ - INFO - Token value: 1234
2022-11-09 09:27:39,016 - __main__ - INFO - Weather in Berlin: 10.26
2022-11-10 09:28:48,594 - __main__ - INFO - Token value: 1234
2022-11-10 09:28:49,067 - __main__ - INFO - Weather in Berlin: 14.46
2022-11-11 09:27:28,696 - __main__ - INFO - Token value: 1234
2022-11-11 09:27:29,164 - __main__ - INFO - Weather in Berlin: 15.92
2022-11-12 09:26:18,173 - __main__ - INFO - Token value: 1234
2022-11-12 09:26:18,500 - __main__ - INFO - Weather in Berlin: 12.7
2022-11-13 09:25:59,716 - __main__ - INFO - Token value: 1234
2022-11-13 09:26:00,386 - __main__ - INFO - Weather in Berlin: 12.18
2022-11-14 09:28:10,836 - __main__ - INFO - Token value: 1234
2022-11-14 09:28:11,145 - __main__ - INFO - Weather in Berlin: 11.51
2022-11-15 09:26:02,492 - __main__ - INFO - Token value: 1234
2022-11-15 09:26:02,926 - __main__ - INFO - Weather in Berlin: 10.32
2022-11-16 09:25:53,258 - __main__ - INFO - Token value: 1234
2022-11-16 09:25:53,725 - __main__ - INFO - Weather in Berlin: 6.48
2022-11-17 09:25:41,166 - __main__ - INFO - Token value: 1234
2022-11-17 09:25:41,792 - __main__ - INFO - Weather in Berlin: 9.05
2022-11-18 09:25:43,616 - __main__ - INFO - Token value: 1234
2022-11-18 09:25:44,151 - __main__ - INFO - Weather in Berlin: 7.73
2022-11-19 09:24:30,881 - __main__ - INFO - Token value: 1234
2022-11-19 09:24:31,590 - __main__ - INFO - Weather in Berlin: 6.43
2022-11-20 09:24:25,353 - __main__ - INFO - Token value: 1234
2022-11-20 09:24:25,656 - __main__ - INFO - Weather in Berlin: 6.59
2022-11-21 09:26:25,939 - __main__ - INFO - Token value: 1234
2022-11-21 09:26:26,642 - __main__ - INFO - Weather in Berlin: 4.94
2022-11-22 09:26:04,077 - __main__ - INFO - Token value: 1234
2022-11-22 09:26:04,530 - __main__ - INFO - Weather in Berlin: 6.75
2022-11-23 09:24:11,148 - __main__ - INFO - Token value: 1234
2022-11-23 09:24:11,820 - __main__ - INFO - Weather in Berlin: 7.69
2022-11-24 09:24:01,335 - __main__ - INFO - Token value: 1234
2022-11-24 09:24:01,658 - __main__ - INFO - Weather in Berlin: 7.73
2022-11-25 09:23:55,533 - __main__ - INFO - Token value: 1234
2022-11-25 09:23:55,981 - __main__ - INFO - Weather in Berlin: 8.17
2022-11-26 09:22:25,579 - __main__ - INFO - Token value: 1234
2022-11-26 09:22:26,099 - __main__ - INFO - Weather in Berlin: 9.9
2022-11-27 09:22:36,136 - __main__ - INFO - Token value: 1234
2022-11-27 09:22:36,630 - __main__ - INFO - Weather in Berlin: 9.86
2022-11-28 09:24:49,078 - __main__ - INFO - Token value: 1234
2022-11-28 09:24:49,702 - __main__ - INFO - Weather in Berlin: 6.42
2022-11-29 09:24:27,870 - __main__ - INFO - Token value: 1234
2022-11-29 09:24:28,483 - __main__ - INFO - Weather in Berlin: 4.26
2022-11-30 09:24:26,866 - __main__ - INFO - Token value: 1234
2022-11-30 09:24:27,498 - __main__ - INFO - Weather in Berlin: -0.97
2022-12-01 09:24:37,845 - __main__ - INFO - Token value: 1234
2022-12-01 09:24:38,310 - __main__ - INFO - Weather in Berlin: 4.79
2022-12-02 09:22:27,398 - __main__ - INFO - Token value: 1234
2022-12-02 09:22:28,018 - __main__ - INFO - Weather in Berlin: 6.64
2022-12-03 09:21:20,831 - __main__ - INFO - Token value: 1234
2022-12-03 09:21:21,352 - __main__ - INFO - Weather in Berlin: 3.43
2022-12-04 09:21:01,184 - __main__ - INFO - Token value: 1234
2022-12-04 09:21:02,082 - __main__ - INFO - Weather in Berlin: 3.92
2022-12-05 09:23:15,693 - __main__ - INFO - Token value: 1234
2022-12-05 09:23:16,807 - __main__ - INFO - Weather in Berlin: 3.89
2022-12-06 09:22:45,647 - __main__ - INFO - Token value: 1234
2022-12-06 09:22:46,329 - __main__ - INFO - Weather in Berlin: 1.25
2022-12-07 09:22:45,160 - __main__ - INFO - Token value: 1234
2022-12-07 09:22:45,683 - __main__ - INFO - Weather in Berlin: -1.38
2022-12-08 09:22:45,431 - __main__ - INFO - Token value: 1234
2022-12-08 09:22:46,715 - __main__ - INFO - Weather in Berlin: -4.01
2022-12-09 09:22:29,934 - __main__ - INFO - Token value: 1234
2022-12-09 09:22:30,325 - __main__ - INFO - Weather in Berlin: -1.69
2022-12-10 09:21:14,845 - __main__ - INFO - Token value: 1234
2022-12-10 09:21:15,388 - __main__ - INFO - Weather in Berlin: -0.48
2022-12-11 09:21:27,217 - __main__ - INFO - Token value: 1234
2022-12-11 09:21:27,861 - __main__ - INFO - Weather in Berlin: -3.89
2022-12-12 09:23:35,938 - __main__ - INFO - Token value: 1234
2022-12-12 09:23:36,310 - __main__ - INFO - Weather in Berlin: -4.88
2022-12-13 09:23:25,890 - __main__ - INFO - Token value: 1234
2022-12-13 09:23:26,412 - __main__ - INFO - Weather in Berlin: -4.35
2022-12-14 09:22:49,980 - __main__ - INFO - Token value: 1234
2022-12-14 09:22:50,534 - __main__ - INFO - Weather in Berlin: -3.99
2022-12-15 09:23:03,071 - __main__ - INFO - Token value: 1234
2022-12-15 09:23:03,520 - __main__ - INFO - Weather in Berlin: -4.96
2022-12-16 09:20:55,203 - __main__ - INFO - Token value: 1234
2022-12-16 09:20:55,593 - __main__ - INFO - Weather in Berlin: 0.88
2022-12-17 09:19:57,091 - __main__ - INFO - Token value: 1234
2022-12-17 09:19:57,923 - __main__ - INFO - Weather in Berlin: 2.19
2022-12-18 09:19:59,051 - __main__ - INFO - Token value: 1234
2022-12-18 09:19:59,559 - __main__ - INFO - Weather in Berlin: 1.73
2022-12-19 09:22:19,462 - __main__ - INFO - Token value: 1234
2022-12-19 09:22:19,848 - __main__ - INFO - Weather in Berlin: 12.74
2022-12-20 09:22:46,437 - __main__ - INFO - Token value: 1234
2022-12-20 09:22:46,931 - __main__ - INFO - Weather in Berlin: 7.74
2022-12-21 09:22:08,033 - __main__ - INFO - Token value: 1234
2022-12-21 09:22:08,417 - __main__ - INFO - Weather in Berlin: 6.6
2022-12-22 09:21:33,718 - __main__ - INFO - Token value: 1234
2022-12-22 09:21:34,154 - __main__ - INFO - Weather in Berlin: 6.63
2022-12-23 09:21:04,369 - __main__ - INFO - Token value: 1234
2022-12-23 09:21:05,111 - __main__ - INFO - Weather in Berlin: 3.98
2022-12-24 09:19:58,663 - __main__ - INFO - Token value: 1234
2022-12-24 09:19:59,245 - __main__ - INFO - Weather in Berlin: 6.63
2022-12-25 09:20:10,598 - __main__ - INFO - Token value: 1234
2022-12-25 09:20:11,459 - __main__ - INFO - Weather in Berlin: 8.29
2022-12-26 09:21:30,661 - __main__ - INFO - Token value: 1234
2022-12-26 09:21:31,054 - __main__ - INFO - Weather in Berlin: 3.28
2022-12-27 09:21:07,765 - __main__ - INFO - Token value: 1234
2022-12-27 09:21:08,137 - __main__ - INFO - Weather in Berlin: 3.9
2022-12-28 09:21:08,563 - __main__ - INFO - Token value: 1234
2022-12-28 09:21:09,167 - __main__ - INFO - Weather in Berlin: 7.16
2022-12-29 09:21:01,486 - __main__ - INFO - Token value: 1234
2022-12-29 09:21:01,847 - __main__ - INFO - Weather in Berlin: 6.11
2022-12-30 09:20:34,204 - __main__ - INFO - Token value: 1234
2022-12-30 09:20:34,761 - __main__ - INFO - Weather in Berlin: 8.3
2022-12-31 09:19:52,541 - __main__ - INFO - Token value: 1234
2022-12-31 09:19:53,261 - __main__ - INFO - Weather in Berlin: 5.52
2023-01-01 09:20:31,542 - __main__ - INFO - Token value: 1234
2023-01-01 09:20:32,176 - __main__ - INFO - Weather in Berlin: 6.08
2023-01-02 09:21:36,691 - __main__ - INFO - Token value: 1234
2023-01-02 09:21:37,089 - __main__ - INFO - Weather in Berlin: -0.05
2023-01-03 09:21:46,499 - __main__ - INFO - Token value: 1234
2023-01-03 09:21:47,042 - __main__ - INFO - Weather in Berlin: 6.16
2023-01-04 09:22:15,289 - __main__ - INFO - Token value: 1234
2023-01-04 09:22:16,739 - __main__ - INFO - Weather in Berlin: 9.97
2023-01-05 09:22:37,456 - __main__ - INFO - Token value: 1234
2023-01-05 09:22:38,046 - __main__ - INFO - Weather in Berlin: 7.85
2023-01-06 09:21:44,333 - __main__ - INFO - Token value: 1234
2023-01-06 09:21:44,888 - __main__ - INFO - Weather in Berlin: 7.19
2023-01-07 09:20:09,359 - __main__ - INFO - Token value: 1234
2023-01-07 09:20:10,156 - __main__ - INFO - Weather in Berlin: 9.86
2023-01-08 09:20:22,362 - __main__ - INFO - Token value: 1234
2023-01-08 09:20:22,560 - __main__ - INFO - Weather in Berlin: 6.19
2023-01-09 09:23:23,643 - __main__ - INFO - Token value: 1234
2023-01-09 09:23:24,057 - __main__ - INFO - Weather in Berlin: 5.03
2023-01-10 09:22:52,596 - __main__ - INFO - Token value: 1234
2023-01-10 09:22:52,990 - __main__ - INFO - Weather in Berlin: 5.06
2023-01-11 09:26:22,351 - __main__ - INFO - Token value: 1234
2023-01-11 09:26:22,828 - __main__ - INFO - Weather in Berlin: 6.62
2023-01-12 09:24:33,119 - __main__ - INFO - Token value: 1234
2023-01-12 09:24:33,525 - __main__ - INFO - Weather in Berlin: 6.75
2023-01-13 09:24:03,699 - __main__ - INFO - Token value: 1234
2023-01-13 09:24:04,396 - __main__ - INFO - Weather in Berlin: 6.19
2023-01-14 09:20:12,766 - __main__ - INFO - Token value: 1234
2023-01-14 09:20:13,218 - __main__ - INFO - Weather in Berlin: 6.11
2023-01-15 09:20:45,221 - __main__ - INFO - Token value: 1234
2023-01-15 09:20:45,805 - __main__ - INFO - Weather in Berlin: 3.34
2023-01-16 09:22:40,198 - __main__ - INFO - Token value: 1234
2023-01-16 09:22:40,749 - __main__ - INFO - Weather in Berlin: -2.62
2023-01-17 09:22:17,336 - __main__ - INFO - Token value: 1234
2023-01-17 09:22:17,777 - __main__ - INFO - Weather in Berlin: -3.34
2023-01-18 09:22:25,190 - __main__ - INFO - Token value: 1234
2023-01-18 09:22:25,851 - __main__ - INFO - Weather in Berlin: 3.31
2023-01-19 09:22:40,654 - __main__ - INFO - Token value: 1234
2023-01-19 09:22:41,186 - __main__ - INFO - Weather in Berlin: 1.64
2023-01-20 09:22:46,292 - __main__ - INFO - Token value: 1234
2023-01-20 09:22:46,908 - __main__ - INFO - Weather in Berlin: -0.94
2023-01-21 09:20:19,190 - __main__ - INFO - Token value: 1234
2023-01-21 09:20:19,616 - __main__ - INFO - Weather in Berlin: 0.7
2023-01-22 09:20:25,400 - __main__ - INFO - Token value: 1234
2023-01-22 09:20:25,939 - __main__ - INFO - Weather in Berlin: 3.44
2023-01-23 09:22:44,800 - __main__ - INFO - Token value: 1234
2023-01-23 09:22:45,394 - __main__ - INFO - Weather in Berlin: 6.19
2023-01-24 09:21:38,123 - __main__ - INFO - Token value: 1234
2023-01-24 09:21:38,780 - __main__ - INFO - Weather in Berlin: 7.55
2023-01-25 09:21:17,946 - __main__ - INFO - Token value: 1234
2023-01-25 09:21:18,359 - __main__ - INFO - Weather in Berlin: 8.36
2023-01-26 09:21:38,138 - __main__ - INFO - Token value: 1234
2023-01-26 09:21:38,653 - __main__ - INFO - Weather in Berlin: 2.56
2023-01-27 09:21:43,933 - __main__ - INFO - Token value: 1234
2023-01-27 09:21:44,609 - __main__ - INFO - Weather in Berlin: 2.32
2023-01-28 09:20:43,635 - __main__ - INFO - Token value: 1234
2023-01-28 09:20:44,049 - __main__ - INFO - Weather in Berlin: 4.5
2023-01-29 09:20:11,863 - __main__ - INFO - Token value: 1234
2023-01-29 09:20:12,515 - __main__ - INFO - Weather in Berlin: 5.29
2023-01-30 09:22:33,010 - __main__ - INFO - Token value: 1234
2023-01-30 09:22:33,597 - __main__ - INFO - Weather in Berlin: 5.41
2023-01-31 09:22:14,658 - __main__ - INFO - Token value: 1234
2023-01-31 09:22:15,095 - __main__ - INFO - Weather in Berlin: 5.97
2023-02-01 09:22:33,032 - __main__ - INFO - Token value: 1234
2023-02-01 09:22:33,547 - __main__ - INFO - Weather in Berlin: 6.5
2023-02-02 09:22:48,292 - __main__ - INFO - Token value: 1234
2023-02-02 09:22:48,816 - __main__ - INFO - Weather in Berlin: 8.85
2023-02-03 09:22:29,818 - __main__ - INFO - Token value: 1234
2023-02-03 09:22:30,401 - __main__ - INFO - Weather in Berlin: 9.06
2023-02-04 09:20:12,466 - __main__ - INFO - Token value: 1234
2023-02-04 09:20:13,384 - __main__ - INFO - Weather in Berlin: 8.57
2023-02-05 09:20:24,902 - __main__ - INFO - Token value: 1234
2023-02-05 09:20:25,556 - __main__ - INFO - Weather in Berlin: 0.62
2023-02-06 09:22:55,870 - __main__ - INFO - Token value: 1234
2023-02-06 09:22:56,404 - __main__ - INFO - Weather in Berlin: 2.62
2023-02-07 09:22:07,541 - __main__ - INFO - Token value: 1234
2023-02-07 09:22:08,621 - __main__ - INFO - Weather in Berlin: 5.82
2023-02-08 09:24:22,183 - __main__ - INFO - Token value: 1234
2023-02-08 09:24:23,490 - __main__ - INFO - Weather in Berlin: 5.57
2023-02-09 09:23:07,914 - __main__ - INFO - Token value: 1234
2023-02-09 09:23:08,858 - __main__ - INFO - Weather in Berlin: 4.09
2023-02-10 09:23:09,414 - __main__ - INFO - Token value: 1234
2023-02-10 09:23:10,073 - __main__ - INFO - Weather in Berlin: 6.82
2023-02-11 09:21:00,371 - __main__ - INFO - Token value: 1234
2023-02-11 09:21:00,990 - __main__ - INFO - Weather in Berlin: 7.8
2023-02-12 09:20:55,799 - __main__ - INFO - Token value: 1234
2023-02-12 09:20:56,492 - __main__ - INFO - Weather in Berlin: 7.5
2023-02-13 09:23:53,970 - __main__ - INFO - Token value: 1234
2023-02-13 09:23:55,019 - __main__ - INFO - Weather in Berlin: 2.45
2023-02-14 09:24:03,548 - __main__ - INFO - Token value: 1234
2023-02-14 09:24:04,336 - __main__ - INFO - Weather in Berlin: 5.59
2023-02-15 09:23:36,142 - __main__ - INFO - Token value: 1234
2023-02-15 09:23:36,464 - __main__ - INFO - Weather in Berlin: 7.39
2023-02-16 09:23:21,163 - __main__ - INFO - Token value: 1234
2023-02-16 09:23:21,558 - __main__ - INFO - Weather in Berlin: 7.54
2023-02-17 09:22:56,619 - __main__ - INFO - Token value: 1234
2023-02-17 09:22:57,199 - __main__ - INFO - Weather in Berlin: 8.27
2023-02-18 09:21:26,400 - __main__ - INFO - Token value: 1234
2023-02-18 09:21:27,304 - __main__ - INFO - Weather in Berlin: 9.29
2023-02-19 09:21:28,546 - __main__ - INFO - Token value: 1234
2023-02-19 09:21:29,196 - __main__ - INFO - Weather in Berlin: 6.01
2023-02-20 09:24:05,425 - __main__ - INFO - Token value: 1234
2023-02-20 09:24:06,164 - __main__ - INFO - Weather in Berlin: 9.95
2023-02-21 09:23:20,376 - __main__ - INFO - Token value: 1234
2023-02-21 09:23:20,846 - __main__ - INFO - Weather in Berlin: 9.24
2023-02-22 09:23:45,880 - __main__ - INFO - Token value: 1234
2023-02-22 09:23:46,476 - __main__ - INFO - Weather in Berlin: 5.6
2023-02-23 09:23:14,148 - __main__ - INFO - Token value: 1234
2023-02-23 09:23:14,580 - __main__ - INFO - Weather in Berlin: 1.31
2023-02-24 09:23:16,839 - __main__ - INFO - Token value: 1234
2023-02-24 09:23:17,750 - __main__ - INFO - Weather in Berlin: 7.26
2023-02-25 09:21:42,120 - __main__ - INFO - Token value: 1234
2023-02-25 09:21:42,825 - __main__ - INFO - Weather in Berlin: 3.35
2023-02-26 09:21:43,968 - __main__ - INFO - Token value: 1234
2023-02-26 09:21:46,336 - __main__ - INFO - Weather in Berlin: 4.77
2023-02-27 09:24:32,421 - __main__ - INFO - Token value: 1234
2023-02-27 09:24:32,957 - __main__ - INFO - Weather in Berlin: 3.35
2023-02-28 09:24:35,671 - __main__ - INFO - Token value: 1234
2023-02-28 09:24:36,362 - __main__ - INFO - Weather in Berlin: 4.44
2023-03-01 09:24:17,666 - __main__ - INFO - Token value: 1234
2023-03-01 09:24:18,325 - __main__ - INFO - Weather in Berlin: 4.91
2023-03-02 09:23:54,427 - __main__ - INFO - Token value: 1234
2023-03-02 09:23:54,803 - __main__ - INFO - Weather in Berlin: 4.91
2023-03-03 09:23:21,856 - __main__ - INFO - Token value: 1234
2023-03-03 09:23:22,389 - __main__ - INFO - Weather in Berlin: 4.44
2023-03-04 09:21:19,787 - __main__ - INFO - Token value: 1234
2023-03-04 09:21:20,169 - __main__ - INFO - Weather in Berlin: 2.73
2023-03-05 09:21:27,502 - __main__ - INFO - Token value: 1234
2023-03-05 09:21:28,181 - __main__ - INFO - Weather in Berlin: 3.21
2023-03-06 09:24:17,204 - __main__ - INFO - Token value: 1234
2023-03-06 09:24:17,779 - __main__ - INFO - Weather in Berlin: 4.44
2023-03-07 09:24:19,598 - __main__ - INFO - Token value: 1234
2023-03-07 09:24:19,958 - __main__ - INFO - Weather in Berlin: -1.37
2023-03-08 09:23:38,804 - __main__ - INFO - Token value: 1234
2023-03-08 09:23:39,348 - __main__ - INFO - Weather in Berlin: -0.09
2023-03-09 09:24:19,405 - __main__ - INFO - Token value: 1234
2023-03-09 09:24:20,171 - __main__ - INFO - Weather in Berlin: -0.09
2023-03-10 09:23:53,646 - __main__ - INFO - Token value: 1234
2023-03-10 09:23:54,144 - __main__ - INFO - Weather in Berlin: 0.54
2023-03-11 09:20:11,761 - __main__ - INFO - Token value: 1234
2023-03-11 09:20:13,009 - __main__ - INFO - Weather in Berlin: 1.77
2023-03-12 09:20:16,700 - __main__ - INFO - Token value: 1234
2023-03-12 09:20:17,347 - __main__ - INFO - Weather in Berlin: 8.82
2023-03-13 09:23:25,829 - __main__ - INFO - Token value: 1234
2023-03-13 09:23:26,369 - __main__ - INFO - Weather in Berlin: 10.39
2023-03-14 09:25:39,723 - __main__ - INFO - Token value: 1234
2023-03-14 09:25:40,386 - __main__ - INFO - Weather in Berlin: 2.11
2023-03-15 09:22:47,501 - __main__ - INFO - Token value: 1234
2023-03-15 09:22:48,184 - __main__ - INFO - Weather in Berlin: 0.39
2023-03-16 09:23:05,988 - __main__ - INFO - Token value: 1234
2023-03-16 09:23:06,798 - __main__ - INFO - Weather in Berlin: 9.91
2023-03-17 09:22:55,339 - __main__ - INFO - Token value: 1234
2023-03-17 09:22:55,726 - __main__ - INFO - Weather in Berlin: 10.54
2023-03-18 09:20:24,508 - __main__ - INFO - Token value: 1234
2023-03-18 09:20:25,206 - __main__ - INFO - Weather in Berlin: 10.39
2023-03-19 09:20:50,213 - __main__ - INFO - Token value: 1234
2023-03-19 09:20:50,927 - __main__ - INFO - Weather in Berlin: 7.25
2023-03-20 09:23:21,021 - __main__ - INFO - Token value: 1234
2023-03-20 09:23:21,627 - __main__ - INFO - Weather in Berlin: 8.68
2023-03-21 09:22:12,108 - __main__ - INFO - Token value: 1234
2023-03-21 09:22:12,785 - __main__ - INFO - Weather in Berlin: 11.02
2023-03-22 09:20:38,764 - __main__ - INFO - Token value: 1234
2023-03-22 09:20:39,358 - __main__ - INFO - Weather in Berlin: 8.68
2023-03-23 09:21:12,838 - __main__ - INFO - Token value: 1234
2023-03-23 09:21:13,283 - __main__ - INFO - Weather in Berlin: 7.25
2023-03-24 09:21:17,222 - __main__ - INFO - Token value: 1234
2023-03-24 09:21:17,628 - __main__ - INFO - Weather in Berlin: 7.12
2023-03-25 09:18:54,228 - __main__ - INFO - Token value: 1234
2023-03-25 09:18:54,759 - __main__ - INFO - Weather in Berlin: 6.7
2023-03-26 09:19:02,849 - __main__ - INFO - Token value: 1234
2023-03-26 09:19:03,533 - __main__ - INFO - Weather in Berlin: 5.33
2023-03-27 09:22:39,909 - __main__ - INFO - Token value: 1234
2023-03-27 09:22:40,292 - __main__ - INFO - Weather in Berlin: 4.7
2023-03-28 09:22:20,471 - __main__ - INFO - Token value: 1234
2023-03-28 09:22:21,077 - __main__ - INFO - Weather in Berlin: 6.64
2023-03-29 09:22:24,852 - __main__ - INFO - Token value: 1234
2023-03-29 09:22:25,347 - __main__ - INFO - Weather in Berlin: 10.57
2023-03-30 09:22:30,522 - __main__ - INFO - Token value: 1234
2023-03-30 09:22:31,039 - __main__ - INFO - Weather in Berlin: 9.9
2023-03-31 09:20:59,343 - __main__ - INFO - Token value: 1234
2023-03-31 09:20:59,619 - __main__ - INFO - Weather in Berlin: 9.07
2023-04-01 09:18:25,654 - __main__ - INFO - Token value: 1234
2023-04-01 09:18:26,243 - __main__ - INFO - Weather in Berlin: 6.66
2023-04-02 09:18:11,366 - __main__ - INFO - Token value: 1234
2023-04-02 09:18:11,536 - __main__ - INFO - Weather in Berlin: 6.7
2023-04-03 09:20:33,403 - __main__ - INFO - Token value: 1234
2023-04-03 09:20:34,068 - __main__ - INFO - Weather in Berlin: 6.49
2023-04-04 09:20:30,568 - __main__ - INFO - Token value: 1234
2023-04-04 09:20:30,998 - __main__ - INFO - Weather in Berlin: 8.35
2023-04-05 09:22:33,227 - __main__ - INFO - Token value: 1234
2023-04-05 09:22:33,696 - __main__ - INFO - Weather in Berlin: 8.81
2023-04-06 09:19:46,807 - __main__ - INFO - Token value: 1234
2023-04-06 09:19:47,307 - __main__ - INFO - Weather in Berlin: 7.87
2023-04-07 09:19:42,783 - __main__ - INFO - Token value: 1234
2023-04-07 09:19:43,334 - __main__ - INFO - Weather in Berlin: 6.91
2023-04-08 09:18:08,657 - __main__ - INFO - Token value: 1234
2023-04-08 09:18:09,772 - __main__ - INFO - Weather in Berlin: 9.95
2023-04-09 09:18:06,702 - __main__ - INFO - Token value: 1234
2023-04-09 09:18:07,045 - __main__ - INFO - Weather in Berlin: 10.58
2023-04-10 09:20:05,624 - __main__ - INFO - Token value: 1234
2023-04-10 09:20:06,130 - __main__ - INFO - Weather in Berlin: 9.92
2023-04-11 09:20:37,739 - __main__ - INFO - Token value: 1234
2023-04-11 09:20:38,072 - __main__ - INFO - Weather in Berlin: 7.85
2023-04-12 09:20:03,645 - __main__ - INFO - Token value: 1234
2023-04-12 09:20:04,064 - __main__ - INFO - Weather in Berlin: 5.83
2023-04-13 09:20:24,280 - __main__ - INFO - Token value: 1234
2023-04-13 09:20:24,861 - __main__ - INFO - Weather in Berlin: 5.67
2023-04-14 09:20:10,585 - __main__ - INFO - Token value: 1234
2023-04-15 09:18:44,839 - __main__ - INFO - Token value: 1234
2023-04-15 09:18:45,162 - __main__ - INFO - Weather in Berlin: 8.68
2023-04-16 09:18:38,654 - __main__ - INFO - Token value: 1234
2023-04-16 09:18:38,893 - __main__ - INFO - Weather in Berlin: 10.96
2023-04-17 09:21:05,728 - __main__ - INFO - Token value: 1234
2023-04-17 09:21:06,432 - __main__ - INFO - Weather in Berlin: 11.63
2023-04-18 09:20:38,854 - __main__ - INFO - Token value: 1234
2023-04-18 09:20:39,090 - __main__ - INFO - Weather in Berlin: 9.35
2023-04-19 09:20:44,591 - __main__ - INFO - Token value: 1234
2023-04-19 09:20:44,902 - __main__ - INFO - Weather in Berlin: 10.57
2023-04-20 09:20:46,247 - __main__ - INFO - Token value: 1234
2023-04-20 09:20:46,763 - __main__ - INFO - Weather in Berlin: 9.29
2023-04-21 09:20:07,729 - __main__ - INFO - Token value: 1234
2023-04-21 09:20:07,916 - __main__ - INFO - Weather in Berlin: 11.62
2023-04-22 09:18:47,630 - __main__ - INFO - Token value: 1234
2023-04-22 09:18:47,967 - __main__ - INFO - Weather in Berlin: 7.7
2023-04-23 09:18:41,080 - __main__ - INFO - Token value: 1234
2023-04-23 09:18:41,533 - __main__ - INFO - Weather in Berlin: 9.25
2023-04-24 09:20:47,401 - __main__ - INFO - Token value: 1234
2023-04-24 09:20:47,571 - __main__ - INFO - Weather in Berlin: 7.08
2023-04-25 09:20:45,380 - __main__ - INFO - Token value: 1234
2023-04-25 09:20:46,008 - __main__ - INFO - Weather in Berlin: 4.59
2023-04-26 09:20:14,032 - __main__ - INFO - Token value: 1234
2023-04-26 09:20:14,657 - __main__ - INFO - Weather in Berlin: 8.35
2023-04-27 09:19:47,625 - __main__ - INFO - Token value: 1234
2023-04-27 09:19:48,144 - __main__ - INFO - Weather in Berlin: 11.07
2023-04-28 09:20:00,521 - __main__ - INFO - Token value: 1234
2023-04-28 09:20:01,071 - __main__ - INFO - Weather in Berlin: 9.29
2023-04-29 09:18:33,416 - __main__ - INFO - Token value: 1234
2023-04-29 09:18:33,859 - __main__ - INFO - Weather in Berlin: 7.18
2023-04-30 09:18:20,820 - __main__ - INFO - Token value: 1234
2023-04-30 09:18:21,411 - __main__ - INFO - Weather in Berlin: 11.46
2023-05-01 09:20:43,715 - __main__ - INFO - Token value: 1234
2023-05-01 09:20:44,033 - __main__ - INFO - Weather in Berlin: 11.21
2023-05-02 09:20:09,771 - __main__ - INFO - Token value: 1234
2023-05-02 09:20:10,213 - __main__ - INFO - Weather in Berlin: 9.71
2023-05-03 09:19:32,487 - __main__ - INFO - Token value: 1234
2023-05-03 09:19:32,969 - __main__ - INFO - Weather in Berlin: 13.84
2023-05-04 09:20:06,706 - __main__ - INFO - Token value: 1234
2023-05-04 09:20:07,077 - __main__ - INFO - Weather in Berlin: 9.74
2023-05-05 09:19:43,768 - __main__ - INFO - Token value: 1234
2023-05-05 09:19:43,909 - __main__ - INFO - Weather in Berlin: 11.62
2023-05-06 09:18:29,108 - __main__ - INFO - Token value: 1234
2023-05-06 09:18:29,324 - __main__ - INFO - Weather in Berlin: 15.12
2023-05-07 09:18:30,909 - __main__ - INFO - Token value: 1234
2023-05-07 09:18:31,295 - __main__ - INFO - Weather in Berlin: 13.36
2023-05-08 09:20:29,159 - __main__ - INFO - Token value: 1234
2023-05-08 09:20:29,779 - __main__ - INFO - Weather in Berlin: 11.87
2023-05-09 09:20:05,714 - __main__ - INFO - Token value: 1234
2023-05-09 09:20:06,100 - __main__ - INFO - Weather in Berlin: 12.18
2023-05-10 09:19:46,362 - __main__ - INFO - Token value: 1234
2023-05-10 09:19:46,710 - __main__ - INFO - Weather in Berlin: 11.64
2023-05-11 09:19:37,034 - __main__ - INFO - Token value: 1234
2023-05-11 09:19:37,463 - __main__ - INFO - Weather in Berlin: 12.72
2023-05-12 09:19:18,506 - __main__ - INFO - Token value: 1234
2023-05-12 09:19:18,963 - __main__ - INFO - Weather in Berlin: 11.64
2023-05-13 09:17:49,030 - __main__ - INFO - Token value: 1234
2023-05-13 09:17:49,241 - __main__ - INFO - Weather in Berlin: 12.06
2023-05-14 09:17:40,362 - __main__ - INFO - Token value: 1234
2023-05-14 09:17:40,726 - __main__ - INFO - Weather in Berlin: 11.3
2023-05-15 09:20:11,540 - __main__ - INFO - Token value: 1234
2023-05-15 09:20:12,115 - __main__ - INFO - Weather in Berlin: 10.17
2023-05-16 09:19:38,810 - __main__ - INFO - Token value: 1234
2023-05-16 09:19:39,277 - __main__ - INFO - Weather in Berlin: 11.66
2023-05-17 09:19:53,950 - __main__ - INFO - Token value: 1234
2023-05-17 09:19:54,469 - __main__ - INFO - Weather in Berlin: 11.89
2023-05-18 09:19:25,950 - __main__ - INFO - Token value: 1234
2023-05-18 09:19:26,491 - __main__ - INFO - Weather in Berlin: 14.25
2023-05-19 09:19:12,332 - __main__ - INFO - Token value: 1234
2023-05-19 09:19:12,538 - __main__ - INFO - Weather in Berlin: 12.95
2023-05-20 09:17:52,448 - __main__ - INFO - Token value: 1234
2023-05-20 09:17:52,619 - __main__ - INFO - Weather in Berlin: 16.21
2023-05-21 09:17:36,487 - __main__ - INFO - Token value: 1234
2023-05-21 09:17:36,649 - __main__ - INFO - Weather in Berlin: 16.69
2023-05-22 09:20:13,685 - __main__ - INFO - Token value: 1234
2023-05-22 09:20:14,044 - __main__ - INFO - Weather in Berlin: 15.14
2023-05-23 09:19:41,415 - __main__ - INFO - Token value: 1234
2023-05-23 09:19:41,619 - __main__ - INFO - Weather in Berlin: 12.74
2023-05-24 09:19:39,728 - __main__ - INFO - Token value: 1234
2023-05-24 09:19:39,917 - __main__ - INFO - Weather in Berlin: 12.33
2023-05-25 09:19:45,735 - __main__ - INFO - Token value: 1234
2023-05-25 09:19:46,051 - __main__ - INFO - Weather in Berlin: 15.34
2023-05-26 09:19:24,591 - __main__ - INFO - Token value: 1234
2023-05-26 09:19:25,075 - __main__ - INFO - Weather in Berlin: 15.75
2023-05-27 09:17:48,175 - __main__ - INFO - Token value: 1234
2023-05-27 09:17:48,516 - __main__ - INFO - Weather in Berlin: 14.44
2023-05-28 09:19:04,518 - __main__ - INFO - Token value: 1234
2023-05-28 09:19:05,123 - __main__ - INFO - Weather in Berlin: 13.4
2023-05-29 09:19:50,005 - __main__ - INFO - Token value: 1234
2023-05-29 09:19:50,170 - __main__ - INFO - Weather in Berlin: 15.51
2023-05-30 09:19:42,383 - __main__ - INFO - Token value: 1234
2023-05-30 09:19:43,007 - __main__ - INFO - Weather in Berlin: 14.31
2023-05-31 09:20:52,492 - __main__ - INFO - Token value: 1234
2023-05-31 09:20:52,850 - __main__ - INFO - Weather in Berlin: 13.22
2023-06-01 09:19:55,142 - __main__ - INFO - Token value: 1234
2023-06-01 09:19:55,603 - __main__ - INFO - Weather in Berlin: 12.76
2023-06-02 09:19:24,772 - __main__ - INFO - Token value: 1234
2023-06-02 09:19:25,230 - __main__ - INFO - Weather in Berlin: 13.4
2023-06-03 09:17:46,912 - __main__ - INFO - Token value: 1234
2023-06-03 09:17:47,377 - __main__ - INFO - Weather in Berlin: 16.07
2023-06-04 09:19:17,027 - __main__ - INFO - Token value: 1234
2023-06-04 09:19:17,223 - __main__ - INFO - Weather in Berlin: 15.33
2023-06-05 09:20:03,674 - __main__ - INFO - Token value: 1234
2023-06-05 09:20:04,116 - __main__ - INFO - Weather in Berlin: 14.13
2023-06-06 09:19:39,950 - __main__ - INFO - Token value: 1234
2023-06-06 09:19:40,169 - __main__ - INFO - Weather in Berlin: 11.48
2023-06-07 09:19:28,454 - __main__ - INFO - Token value: 1234
2023-06-07 09:19:28,962 - __main__ - INFO - Weather in Berlin: 11.76
2023-06-08 09:19:21,958 - __main__ - INFO - Token value: 1234
2023-06-08 09:19:22,333 - __main__ - INFO - Weather in Berlin: 13.05
2023-06-09 09:19:28,327 - __main__ - INFO - Token value: 1234
2023-06-09 09:19:28,556 - __main__ - INFO - Weather in Berlin: 15.51
2023-06-10 09:18:42,796 - __main__ - INFO - Token value: 1234
2023-06-10 09:18:43,213 - __main__ - INFO - Weather in Berlin: 17.73
2023-06-11 09:18:14,137 - __main__ - INFO - Token value: 1234
2023-06-11 09:18:14,546 - __main__ - INFO - Weather in Berlin: 14.4
2023-06-12 09:20:30,463 - __main__ - INFO - Token value: 1234
2023-06-12 09:20:30,854 - __main__ - INFO - Weather in Berlin: 23.16
2023-06-13 09:19:36,973 - __main__ - INFO - Token value: 1234
2023-06-13 09:19:37,810 - __main__ - INFO - Weather in Berlin: 23.38
2023-06-14 09:19:24,919 - __main__ - INFO - Token value: 1234
2023-06-14 09:19:25,180 - __main__ - INFO - Weather in Berlin: 21.62
2023-06-15 09:19:48,659 - __main__ - INFO - Token value: 1234
2023-06-15 09:19:49,131 - __main__ - INFO - Weather in Berlin: 20.51
2023-06-16 09:19:22,957 - __main__ - INFO - Token value: 1234
2023-06-16 09:19:23,553 - __main__ - INFO - Weather in Berlin: 23.29
2023-06-17 09:18:49,170 - __main__ - INFO - Token value: 1234
2023-06-17 09:18:49,521 - __main__ - INFO - Weather in Berlin: 19.03
2023-06-18 09:18:17,193 - __main__ - INFO - Token value: 1234
2023-06-18 09:18:17,596 - __main__ - INFO - Weather in Berlin: 19.4
2023-06-19 09:20:58,058 - __main__ - INFO - Token value: 1234
2023-06-19 09:20:58,234 - __main__ - INFO - Weather in Berlin: 17.88
2023-06-20 09:19:49,442 - __main__ - INFO - Token value: 1234
2023-06-20 09:19:49,728 - __main__ - INFO - Weather in Berlin: 15.17
2023-06-21 09:19:38,655 - __main__ - INFO - Token value: 1234
2023-06-21 09:19:38,903 - __main__ - INFO - Weather in Berlin: 18.1
2023-06-22 09:19:17,449 - __main__ - INFO - Token value: 1234
2023-06-22 09:19:17,673 - __main__ - INFO - Weather in Berlin: 17.18
2023-06-23 09:22:55,931 - __main__ - INFO - Token value: 1234
2023-06-23 09:22:56,110 - __main__ - INFO - Weather in Berlin: 17.29
2023-06-24 09:21:02,864 - __main__ - INFO - Token value: 1234
2023-06-24 09:21:03,159 - __main__ - INFO - Weather in Berlin: 18.14
2023-06-25 09:21:11,264 - __main__ - INFO - Token value: 1234
2023-06-25 09:21:11,477 - __main__ - INFO - Weather in Berlin: 22.58
2023-06-26 09:25:55,354 - __main__ - INFO - Token value: 1234
2023-06-26 09:25:55,735 - __main__ - INFO - Weather in Berlin: 15.77
2023-06-27 09:22:43,572 - __main__ - INFO - Token value: 1234
2023-06-27 09:22:44,104 - __main__ - INFO - Weather in Berlin: 14.88
2023-06-28 09:22:34,491 - __main__ - INFO - Token value: 1234
2023-06-28 09:22:34,936 - __main__ - INFO - Weather in Berlin: 16.64
2023-06-29 09:22:44,511 - __main__ - INFO - Token value: 1234
2023-06-29 09:22:44,716 - __main__ - INFO - Weather in Berlin: 14.7
2023-06-30 09:21:32,243 - __main__ - INFO - Token value: 1234
2023-06-30 09:21:32,668 - __main__ - INFO - Weather in Berlin: 14.48
2023-07-01 09:20:14,927 - __main__ - INFO - Token value: 1234
2023-07-01 09:20:15,272 - __main__ - INFO - Weather in Berlin: 14.7
2023-07-02 09:20:04,923 - __main__ - INFO - Token value: 1234
2023-07-02 09:20:05,422 - __main__ - INFO - Weather in Berlin: 13.65
2023-07-03 09:22:54,475 - __main__ - INFO - Token value: 1234
2023-07-03 09:22:54,891 - __main__ - INFO - Weather in Berlin: 13.59
2023-07-04 09:23:27,499 - __main__ - INFO - Token value: 1234
2023-07-04 09:23:27,716 - __main__ - INFO - Weather in Berlin: 14.03
2023-07-05 09:24:00,437 - __main__ - INFO - Token value: 1234
2023-07-05 09:24:00,827 - __main__ - INFO - Weather in Berlin: 13.4
2023-07-06 09:24:02,345 - __main__ - INFO - Token value: 1234
2023-07-06 09:24:02,864 - __main__ - INFO - Weather in Berlin: 14.88
2023-07-07 09:22:19,802 - __main__ - INFO - Token value: 1234
2023-07-07 09:22:20,241 - __main__ - INFO - Weather in Berlin: 18.18
2023-07-08 09:20:06,536 - __main__ - INFO - Token value: 1234
2023-07-08 09:20:07,098 - __main__ - INFO - Weather in Berlin: 25.31
2023-07-09 09:20:12,942 - __main__ - INFO - Token value: 1234
2023-07-09 09:20:13,483 - __main__ - INFO - Weather in Berlin: 17.08
2023-07-10 09:23:19,589 - __main__ - INFO - Token value: 1234
2023-07-10 09:23:20,224 - __main__ - INFO - Weather in Berlin: 16.91
2023-07-11 09:22:24,217 - __main__ - INFO - Token value: 1234
2023-07-11 09:22:24,437 - __main__ - INFO - Weather in Berlin: 15.97
2023-07-12 09:22:31,465 - __main__ - INFO - Token value: 1234
2023-07-12 09:22:31,827 - __main__ - INFO - Weather in Berlin: 13.65
2023-07-13 09:22:22,981 - __main__ - INFO - Token value: 1234
2023-07-13 09:22:23,221 - __main__ - INFO - Weather in Berlin: 14.48
2023-07-14 09:21:48,623 - __main__ - INFO - Token value: 1234
2023-07-14 09:21:48,971 - __main__ - INFO - Weather in Berlin: 16.07
2023-07-15 09:20:10,182 - __main__ - INFO - Token value: 1234
2023-07-15 09:20:11,605 - __main__ - INFO - Weather in Berlin: 14.52
2023-07-16 09:20:06,280 - __main__ - INFO - Token value: 1234
2023-07-16 09:20:06,528 - __main__ - INFO - Weather in Berlin: 14.44
2023-07-17 09:22:49,716 - __main__ - INFO - Token value: 1234
2023-07-17 09:22:50,027 - __main__ - INFO - Weather in Berlin: 14.48
2023-07-18 09:21:06,097 - __main__ - INFO - Token value: 1234
2023-07-18 09:21:06,507 - __main__ - INFO - Weather in Berlin: 15.55
2023-07-19 09:19:53,640 - __main__ - INFO - Token value: 1234
2023-07-19 09:19:54,177 - __main__ - INFO - Weather in Berlin: 13.44
2023-07-20 09:20:09,025 - __main__ - INFO - Token value: 1234
2023-07-20 09:20:09,470 - __main__ - INFO - Weather in Berlin: 14.09
2023-07-21 09:19:33,870 - __main__ - INFO - Token value: 1234
2023-07-21 09:19:34,095 - __main__ - INFO - Weather in Berlin: 14.05
2023-07-22 09:17:53,258 - __main__ - INFO - Token value: 1234
2023-07-22 09:17:53,672 - __main__ - INFO - Weather in Berlin: 14.46
2023-07-23 09:17:56,257 - __main__ - INFO - Token value: 1234
2023-07-23 09:17:56,603 - __main__ - INFO - Weather in Berlin: 14.03
2023-07-24 09:20:41,977 - __main__ - INFO - Token value: 1234
2023-07-24 09:20:42,383 - __main__ - INFO - Weather in Berlin: 12.76
2023-07-25 09:20:25,752 - __main__ - INFO - Token value: 1234
2023-07-25 09:20:26,110 - __main__ - INFO - Weather in Berlin: 14.47
2023-07-26 09:19:10,669 - __main__ - INFO - Token value: 1234
2023-07-26 09:19:11,236 - __main__ - INFO - Weather in Berlin: 16.62
2023-07-27 09:19:12,779 - __main__ - INFO - Token value: 1234
2023-07-27 09:19:13,031 - __main__ - INFO - Weather in Berlin: 15.99
2023-07-28 09:18:53,814 - __main__ - INFO - Token value: 1234
2023-07-28 09:18:54,146 - __main__ - INFO - Weather in Berlin: 17.72
2023-07-29 09:16:53,104 - __main__ - INFO - Token value: 1234
2023-07-29 09:16:53,511 - __main__ - INFO - Weather in Berlin: 15.79
2023-07-30 09:17:05,540 - __main__ - INFO - Token value: 1234
2023-07-30 09:17:05,903 - __main__ - INFO - Weather in Berlin: 13.81
2023-07-31 09:20:37,043 - __main__ - INFO - Token value: 1234
2023-07-31 09:20:37,583 - __main__ - INFO - Weather in Berlin: 15.78
2023-08-01 09:19:29,528 - __main__ - INFO - Token value: 1234
2023-08-01 09:19:29,921 - __main__ - INFO - Weather in Berlin: 15.78
2023-08-02 09:18:56,594 - __main__ - INFO - Token value: 1234
2023-08-02 09:18:56,966 - __main__ - INFO - Weather in Berlin: 14.47
2023-08-03 09:19:12,398 - __main__ - INFO - Token value: 1234
2023-08-03 09:19:12,749 - __main__ - INFO - Weather in Berlin: 16.21
2023-08-04 09:18:43,108 - __main__ - INFO - Token value: 1234
2023-08-04 09:18:43,625 - __main__ - INFO - Weather in Berlin: 12.63
2023-08-05 09:16:48,960 - __main__ - INFO - Token value: 1234
2023-08-05 09:16:49,443 - __main__ - INFO - Weather in Berlin: 12.98
2023-08-06 09:17:10,583 - __main__ - INFO - Token value: 1234
2023-08-06 09:17:11,023 - __main__ - INFO - Weather in Berlin: 13.67
2023-08-07 09:19:46,626 - __main__ - INFO - Token value: 1234
2023-08-07 09:19:46,981 - __main__ - INFO - Weather in Berlin: 13.63
2023-08-08 09:18:47,308 - __main__ - INFO - Token value: 1234
2023-08-08 09:18:47,689 - __main__ - INFO - Weather in Berlin: 13.85
2023-08-09 09:20:36,216 - __main__ - INFO - Token value: 1234
2023-08-09 09:20:36,461 - __main__ - INFO - Weather in Berlin: 13.87
2023-08-10 09:20:13,405 - __main__ - INFO - Token value: 1234
2023-08-10 09:20:13,627 - __main__ - INFO - Weather in Berlin: 19.9
